<?xml version="1.0" encoding="UTF-8"?>
<!-- Generated by org.testng.reporters.JUnitReportReporter -->
<testsuite hostname="LAPTOP-QIOKP7SR" failures="0" tests="2" name="testNG.Script_02" time="0.002" errors="0" timestamp="2024-11-28T12:25:22 IST" skipped="0">
  <testcase classname="testNG.Script_02" name="TC2" time="0.001"/>
  <system-out/>
  <testcase classname="testNG.Script_02" name="TC1" time="0.001"/>
  <system-out/>
</testsuite> <!-- testNG.Script_02 -->
