<?xml version="1.0" encoding="UTF-8"?>
<!-- Generated by org.testng.reporters.JUnitReportReporter -->
<testsuite hostname="LAPTOP-QIOKP7SR" failures="0" tests="2" name="basic_Frameworks.Testcase01" time="27.247" errors="0" timestamp="2024-12-03T18:41:45 IST" skipped="0">
  <testcase classname="basic_Frameworks.Testcase01" name="usn" time="13.310"/>
  <system-out>
    <![CDATA[true true]]>
  </system-out>
  <testcase classname="basic_Frameworks.Testcase01" name="usn" time="13.937"/>
  <system-out>
    <![CDATA[true true]]>
  </system-out>
</testsuite> <!-- basic_Frameworks.Testcase01 -->
