<?xml version="1.0" encoding="UTF-8"?>
<!-- Generated by org.testng.reporters.JUnitReportReporter -->
<testsuite hostname="LAPTOP-QIOKP7SR" failures="0" tests="1" name="basic_Frameworks.Testcase02" time="9.889" errors="0" timestamp="2024-11-28T15:12:06 IST" skipped="0">
  <testcase classname="basic_Frameworks.Testcase02" name="psw" time="9.889"/>
  <system-out>
    <![CDATA[true true]]>
  </system-out>
</testsuite> <!-- basic_Frameworks.Testcase02 -->
