<?xml version="1.0" encoding="UTF-8"?>
<!-- Generated by org.testng.reporters.JUnitReportReporter -->
<testsuite hostname="LAPTOP-QIOKP7SR" failures="0" tests="1" name="basic_Frameworks.Testcase03" time="9.492" errors="0" timestamp="2024-11-28T15:10:39 IST" skipped="0">
  <testcase classname="basic_Frameworks.Testcase03" name="title" time="9.492"/>
  <system-out>
    <![CDATA[Facebook â€“ log in or sign up]]>
  </system-out>
</testsuite> <!-- basic_Frameworks.Testcase03 -->
