<?xml version="1.0" encoding="UTF-8"?>
<!-- Generated by org.testng.reporters.JUnitReportReporter -->
<testsuite hostname="LAPTOP-QIOKP7SR" failures="0" tests="1" name="Tc_01.genericScript" time="3.215" errors="0" timestamp="2024-11-30T14:30:48 IST" skipped="0">
  <testcase classname="Tc_01.genericScript" name="browserSetUp" time="3.215"/>
  <system-out/>
</testsuite> <!-- Tc_01.genericScript -->
