<?xml version="1.0" encoding="UTF-8"?>
<!-- Generated by org.testng.reporters.JUnitReportReporter -->
<testsuite hostname="LAPTOP-QIOKP7SR" failures="0" tests="2" name="testNG.Script_01" time="0.019" errors="0" timestamp="2024-12-03T11:54:41 IST" skipped="0">
  <testcase classname="testNG.Script_01" name="testcase2" time="0.005"/>
  <system-out>
    <![CDATA[Good morning]]>
  </system-out>
  <testcase classname="testNG.Script_01" name="testcase1" time="0.014"/>
  <system-out>
    <![CDATA[hello]]>
  </system-out>
</testsuite> <!-- testNG.Script_01 -->
